Processing cul32-c6 (platform: espressif32; board: esp32-c6-devkitc-1; framework: espidf)
--------------------------------------------------------------------------------
Verbose mode can be enabled via `-v, --verbose` option
CONFIGURATION: https://docs.platformio.org/page/boards/espressif32/esp32-c6-devkitc-1.html
PLATFORM: Espressif 32 (55.3.37) > Espressif ESP32-C6-DevKitC-1
HARDWARE: ESP32C6 160MHz, 320KB RAM, 8MB Flash
DEBUG: Current (cmsis-dap) External (cmsis-dap, esp-bridge, esp-builtin, esp-prog, iot-bus-jtag, jlink, minimodule, olimex-arm-usb-ocd, olimex-arm-usb-ocd-h, olimex-arm-usb-tiny-h, olimex-jtag-tiny, tumpa)
PACKAGES: 
 - contrib-piohome @ 3.4.4 
 - framework-espidf @ 3.50502.0 (5.5.2) 
 - tool-cmake @ 4.0.3 
 - tool-esp-rom-elfs @ 2024.10.11 
 - tool-esptoolpy @ 5.1.2 
 - tool-ninja @ 1.13.1 
 - tool-scons @ 4.40801.0 (4.8.1) 
 - toolchain-riscv32-esp @ 14.2.0+20251107
Reading CMake configuration...
Warning! Flash memory size mismatch detected. Expected 8MB, found 2MB!
Please select a proper value in your `sdkconfig.defaults` or via the `menuconfig` target!
LDF: Library Dependency Finder -> https://bit.ly/configure-pio-ldf
LDF Modes: Finder ~ chain, Compatibility ~ soft
Found 0 compatible libraries
Scanning dependencies...
No dependencies
Building in release mode
Compiling .pio/build/cul32-c6/src/culfw_parser.c.o
Linking .pio/build/cul32-c6/firmware.elf
                            Memory Type Usage Summary                             
┏━━━━━━━━━━━━━━━━━━━━━┳━━━━━━━━━━━━━━┳━━━━━━━━━━┳━━━━━━━━━━━━━━━━┳━━━━━━━━━━━━━━━┓
┃ Memory Type/Section ┃ Used [bytes] ┃ Used [%] ┃ Remain [bytes] ┃ Total [bytes] ┃
┡━━━━━━━━━━━━━━━━━━━━━╇━━━━━━━━━━━━━━╇━━━━━━━━━━╇━━━━━━━━━━━━━━━━╇━━━━━━━━━━━━━━━┩
│ Flash Code          │       142348 │          │                │               │
│    .text            │        95804 │          │                │               │
│    .rodata          │        46288 │          │                │               │
│    .appdesc         │          256 │          │                │               │
│ DIRAM               │        72996 │    16.15 │         379116 │        452112 │
│    .text            │        61524 │    13.61 │                │               │
│    .data            │         7480 │     1.65 │                │               │
│    .bss             │         3992 │     0.88 │                │               │
└─────────────────────┴──────────────┴──────────┴────────────────┴───────────────┘
Total image size: 211364 bytes (.bin may be padded larger)
Note: The reported total sizes may be smaller than those in the technical reference manual due to reserved memory and application configuration. The total flash size available for the application is not included by default, as it cannot be reliably determined due to the presence of other data like the bootloader, partition table, and application partition size.
Retrieving maximum program size .pio/build/cul32-c6/firmware.elf
Checking size .pio/build/cul32-c6/firmware.elf
Advanced Memory Usage is available via "PlatformIO Home > Project Inspect"
RAM:   [          ]   3.5% (used 11472 bytes from 327680 bytes)
Flash: [          ]   2.5% (used 211096 bytes from 8388608 bytes)
Building .pio/build/cul32-c6/firmware.bin
esptool v5.1.2
Creating ESP32C6 image...
Merged 1 ELF section.
Successfully created ESP32C6 image.
========================= [SUCCESS] Took 8.97 seconds =========================
Processing cul32-c6 (platform: espressif32; board: esp32-c6-devkitc-1; framework: espidf)
--------------------------------------------------------------------------------
Verbose mode can be enabled via `-v, --verbose` option
CONFIGURATION: https://docs.platformio.org/page/boards/espressif32/esp32-c6-devkitc-1.html
PLATFORM: Espressif 32 (55.3.37) > Espressif ESP32-C6-DevKitC-1
HARDWARE: ESP32C6 160MHz, 320KB RAM, 8MB Flash
DEBUG: Current (cmsis-dap) External (cmsis-dap, esp-bridge, esp-builtin, esp-prog, iot-bus-jtag, jlink, minimodule, olimex-arm-usb-ocd, olimex-arm-usb-ocd-h, olimex-arm-usb-tiny-h, olimex-jtag-tiny, tumpa)
PACKAGES: 
 - contrib-piohome @ 3.4.4 
 - framework-espidf @ 3.50502.0 (5.5.2) 
 - tool-cmake @ 4.0.3 
 - tool-esp-rom-elfs @ 2024.10.11 
 - tool-esptoolpy @ 5.1.2 
 - tool-ninja @ 1.13.1 
 - tool-scons @ 4.40801.0 (4.8.1) 
 - toolchain-riscv32-esp @ 14.2.0+20251107
Reading CMake configuration...
Warning! Flash memory size mismatch detected. Expected 8MB, found 2MB!
Please select a proper value in your `sdkconfig.defaults` or via the `menuconfig` target!
LDF: Library Dependency Finder -> https://bit.ly/configure-pio-ldf
LDF Modes: Finder ~ chain, Compatibility ~ soft
Found 0 compatible libraries
Scanning dependencies...
No dependencies
Building in release mode
Retrieving maximum program size .pio/build/cul32-c6/firmware.elf
Checking size .pio/build/cul32-c6/firmware.elf
Advanced Memory Usage is available via "PlatformIO Home > Project Inspect"
RAM:   [          ]   3.5% (used 11472 bytes from 327680 bytes)
Flash: [          ]   2.5% (used 211096 bytes from 8388608 bytes)
Configuring upload protocol...
AVAILABLE: cmsis-dap, esp-bridge, esp-builtin, esp-prog, espota, esptool, iot-bus-jtag, jlink, minimodule, olimex-arm-usb-ocd, olimex-arm-usb-ocd-h, olimex-arm-usb-tiny-h, olimex-jtag-tiny, tumpa
CURRENT: upload_protocol = esptool
Looking for upload port...
Uploading .pio/build/cul32-c6/firmware.bin
esptool v5.1.2
Serial port /dev/ttyACM2:
Connecting...
Connected to ESP32-C6 on /dev/ttyACM2:
Chip type:          ESP32-C6FH4 (QFN32) (revision v0.2)
Features:           Wi-Fi 6, BT 5 (LE), IEEE802.15.4, Single Core + LP Core, 160MHz, Embedded Flash 4MB
Crystal frequency:  40MHz
USB mode:           USB-Serial/JTAG
MAC:                58:e6:c5:ff:fe:e6:90:b0
BASE MAC:           58:e6:c5:e6:90:b0
MAC_EXT:            ff:fe

Uploading stub flasher...
Running stub flasher...
Stub flasher running.
Changing baud rate to 460800...
Changed.

Configuring flash size...
Auto-detected flash size: 4MB
Flash will be erased from 0x00000000 to 0x00005fff...
Flash will be erased from 0x00008000 to 0x00008fff...
Flash will be erased from 0x0000d000 to 0x0000efff...
Flash will be erased from 0x00010000 to 0x00043fff...
Flash parameters set to 0x0220.
SHA digest in image updated.
Compressed 22464 bytes to 13988...

Writing at 0x00000000 [░░░░░░░░░░░░░░░░░░░░░░░░░░░░░░]   0.0% 0/13988 bytes... 

Writing at 0x000057c0 [██████████████████████████████] 100.0% 13988/13988 bytes... 
Wrote 22464 bytes (13988 compressed) at 0x00000000 in 0.2 seconds (859.9 kbit/s).
Hash of data verified.
Compressed 3072 bytes to 134...

Writing at 0x00008000 [░░░░░░░░░░░░░░░░░░░░░░░░░░░░░░]   0.0% 0/134 bytes... 

Writing at 0x00008c00 [██████████████████████████████] 100.0% 134/134 bytes... 
Wrote 3072 bytes (134 compressed) at 0x00008000 in 0.0 seconds (910.3 kbit/s).
Hash of data verified.
Compressed 8192 bytes to 31...

Writing at 0x0000d000 [░░░░░░░░░░░░░░░░░░░░░░░░░░░░░░]   0.0% 0/31 bytes... 

Writing at 0x0000f000 [██████████████████████████████] 100.0% 31/31 bytes... 
Wrote 8192 bytes (31 compressed) at 0x0000d000 in 0.0 seconds (3428.3 kbit/s).
Hash of data verified.
Compressed 211456 bytes to 107320...

Writing at 0x00010000 [░░░░░░░░░░░░░░░░░░░░░░░░░░░░░░]   0.0% 0/107320 bytes... 

Writing at 0x0001b883 [████░░░░░░░░░░░░░░░░░░░░░░░░░░]  15.3% 16384/107320 bytes... 

Writing at 0x000221be [█████████░░░░░░░░░░░░░░░░░░░░░]  30.5% 32768/107320 bytes... 

Writing at 0x000295fc [█████████████░░░░░░░░░░░░░░░░░]  45.8% 49152/107320 bytes... 

Writing at 0x000311e2 [██████████████████░░░░░░░░░░░░]  61.1% 65536/107320 bytes... 

Writing at 0x00037fd3 [██████████████████████░░░░░░░░]  76.3% 81920/107320 bytes... 

Writing at 0x0003f0e6 [███████████████████████████░░░]  91.6% 98304/107320 bytes... 

Writing at 0x00043a00 [██████████████████████████████] 100.0% 107320/107320 bytes... 
Wrote 211456 bytes (107320 compressed) at 0x00010000 in 1.0 seconds (1620.4 kbit/s).
Hash of data verified.

Hard resetting via RTS pin...
========================= [SUCCESS] Took 10.36 seconds =========================
Processing cul32-c6 (platform: espressif32; board: esp32-c6-devkitc-1; framework: espidf)
--------------------------------------------------------------------------------
Verbose mode can be enabled via `-v, --verbose` option
CONFIGURATION: https://docs.platformio.org/page/boards/espressif32/esp32-c6-devkitc-1.html
PLATFORM: Espressif 32 (55.3.37) > Espressif ESP32-C6-DevKitC-1
HARDWARE: ESP32C6 160MHz, 320KB RAM, 8MB Flash
DEBUG: Current (cmsis-dap) External (cmsis-dap, esp-bridge, esp-builtin, esp-prog, iot-bus-jtag, jlink, minimodule, olimex-arm-usb-ocd, olimex-arm-usb-ocd-h, olimex-arm-usb-tiny-h, olimex-jtag-tiny, tumpa)
PACKAGES: 
 - contrib-piohome @ 3.4.4 
 - framework-espidf @ 3.50502.0 (5.5.2) 
 - tool-cmake @ 4.0.3 
 - tool-esp-rom-elfs @ 2024.10.11 
 - tool-esptoolpy @ 5.1.2 
 - tool-ninja @ 1.13.1 
 - tool-scons @ 4.40801.0 (4.8.1) 
 - toolchain-riscv32-esp @ 14.2.0+20251107
Reading CMake configuration...
Warning! Flash memory size mismatch detected. Expected 8MB, found 2MB!
Please select a proper value in your `sdkconfig.defaults` or via the `menuconfig` target!
LDF: Library Dependency Finder -> https://bit.ly/configure-pio-ldf
LDF Modes: Finder ~ chain, Compatibility ~ soft
Found 0 compatible libraries
Scanning dependencies...
No dependencies
Building in release mode
Retrieving maximum program size .pio/build/cul32-c6/firmware.elf
Checking size .pio/build/cul32-c6/firmware.elf
Advanced Memory Usage is available via "PlatformIO Home > Project Inspect"
RAM:   [          ]   3.5% (used 11472 bytes from 327680 bytes)
Flash: [          ]   2.5% (used 211096 bytes from 8388608 bytes)
Configuring upload protocol...
AVAILABLE: cmsis-dap, esp-bridge, esp-builtin, esp-prog, espota, esptool, iot-bus-jtag, jlink, minimodule, olimex-arm-usb-ocd, olimex-arm-usb-ocd-h, olimex-arm-usb-tiny-h, olimex-jtag-tiny, tumpa
CURRENT: upload_protocol = esptool
Looking for upload port...
Uploading .pio/build/cul32-c6/firmware.bin
esptool v5.1.2
Serial port /dev/ttyACM3:
Connecting...
Connected to ESP32-C6 on /dev/ttyACM3:
Chip type:          ESP32-C6FH4 (QFN32) (revision v0.2)
Features:           Wi-Fi 6, BT 5 (LE), IEEE802.15.4, Single Core + LP Core, 160MHz, Embedded Flash 4MB
Crystal frequency:  40MHz
USB mode:           USB-Serial/JTAG
MAC:                58:e6:c5:ff:fe:e6:8e:a4
BASE MAC:           58:e6:c5:e6:8e:a4
MAC_EXT:            ff:fe

Uploading stub flasher...
Running stub flasher...
Stub flasher running.
Changing baud rate to 460800...
Changed.

Configuring flash size...
Auto-detected flash size: 4MB
Flash will be erased from 0x00000000 to 0x00005fff...
Flash will be erased from 0x00008000 to 0x00008fff...
Flash will be erased from 0x0000d000 to 0x0000efff...
Flash will be erased from 0x00010000 to 0x00043fff...
Flash parameters set to 0x0220.
SHA digest in image updated.
Compressed 22464 bytes to 13988...

Writing at 0x00000000 [░░░░░░░░░░░░░░░░░░░░░░░░░░░░░░]   0.0% 0/13988 bytes... 

Writing at 0x000057c0 [██████████████████████████████] 100.0% 13988/13988 bytes... 
Wrote 22464 bytes (13988 compressed) at 0x00000000 in 0.2 seconds (872.4 kbit/s).
Hash of data verified.
Compressed 3072 bytes to 134...

Writing at 0x00008000 [░░░░░░░░░░░░░░░░░░░░░░░░░░░░░░]   0.0% 0/134 bytes... 

Writing at 0x00008c00 [██████████████████████████████] 100.0% 134/134 bytes... 
Wrote 3072 bytes (134 compressed) at 0x00008000 in 0.0 seconds (904.9 kbit/s).
Hash of data verified.
Compressed 8192 bytes to 31...

Writing at 0x0000d000 [░░░░░░░░░░░░░░░░░░░░░░░░░░░░░░]   0.0% 0/31 bytes... 

Writing at 0x0000f000 [██████████████████████████████] 100.0% 31/31 bytes... 
Wrote 8192 bytes (31 compressed) at 0x0000d000 in 0.0 seconds (3431.4 kbit/s).
Hash of data verified.
Compressed 211456 bytes to 107320...

Writing at 0x00010000 [░░░░░░░░░░░░░░░░░░░░░░░░░░░░░░]   0.0% 0/107320 bytes... 

Writing at 0x0001b883 [████░░░░░░░░░░░░░░░░░░░░░░░░░░]  15.3% 16384/107320 bytes... 

Writing at 0x000221be [█████████░░░░░░░░░░░░░░░░░░░░░]  30.5% 32768/107320 bytes... 

Writing at 0x000295fc [█████████████░░░░░░░░░░░░░░░░░]  45.8% 49152/107320 bytes... 

Writing at 0x000311e2 [██████████████████░░░░░░░░░░░░]  61.1% 65536/107320 bytes... 

Writing at 0x00037fd3 [██████████████████████░░░░░░░░]  76.3% 81920/107320 bytes... 

Writing at 0x0003f0e6 [███████████████████████████░░░]  91.6% 98304/107320 bytes... 

Writing at 0x00043a00 [██████████████████████████████] 100.0% 107320/107320 bytes... 
Wrote 211456 bytes (107320 compressed) at 0x00010000 in 1.1 seconds (1601.7 kbit/s).
Hash of data verified.

Hard resetting via RTS pin...
========================= [SUCCESS] Took 10.35 seconds =========================
